#-----------------------------------------------------------
# Vivado v2019.2 (64-bit)
# SW Build 2708876 on Wed Nov  6 21:40:23 MST 2019
# IP Build 2700528 on Thu Nov  7 00:09:20 MST 2019
# Start of session at: Wed May 13 09:43:42 2020
# Process ID: 9972
# Current directory: C:/Users/Jarrod/OneDrive - University of Canterbury/UC 2020/ENEL373/Project/rxnmongroup4/project_1
# Command line: vivado.exe -gui_launcher_event rodinguilauncherevent2756 C:\Users\Jarrod\OneDrive - University of Canterbury\UC 2020\ENEL373\Project\rxnmongroup4\project_1\project_1.xpr
# Log file: C:/Users/Jarrod/OneDrive - University of Canterbury/UC 2020/ENEL373/Project/rxnmongroup4/project_1/vivado.log
# Journal file: C:/Users/Jarrod/OneDrive - University of Canterbury/UC 2020/ENEL373/Project/rxnmongroup4/project_1\vivado.jou
#-----------------------------------------------------------
start_gui
open_project {C:/Users/Jarrod/OneDrive - University of Canterbury/UC 2020/ENEL373/Project/rxnmongroup4/project_1/project_1.xpr}
INFO: [ProjectBase 1-489] The host OS only allows 260 characters in a normal path. The project is stored in a path with more than 80 characters. If you experience issues with IP, Block Designs, or files not being found, please consider moving the project to a location with a shorter path. Alternately consider using the OS subst command to map part of the path to a drive letter.
Current project path is 'C:/Users/Jarrod/OneDrive - University of Canterbury/UC 2020/ENEL373/Project/rxnmongroup4/project_1'
INFO: [Project 1-313] Project file moved from 'C:/Users/penis head/Documents/ENCE373PROJECT/rxnmongroup4/project_1' since last save.
Scanning sources...
Finished scanning sources
INFO: [IP_Flow 19-234] Refreshing IP repositories
INFO: [IP_Flow 19-1704] No user IP repositories specified
INFO: [IP_Flow 19-2313] Loaded Vivado IP repository 'E:/Xilinx/Vivado/2019.2/data/ip'.
open_project: Time (s): cpu = 00:00:14 ; elapsed = 00:00:23 . Memory (MB): peak = 905.395 ; gain = 39.832
update_compile_order -fileset sources_1
launch_simulation
Command: launch_simulation 
INFO: [Vivado 12-5682] Launching behavioral simulation in 'C:/Users/Jarrod/OneDrive - University of Canterbury/UC 2020/ENEL373/Project/rxnmongroup4/project_1/project_1.sim/sim_1/behav/xsim'
INFO: [SIM-utils-51] Simulation object is 'sim_1'
INFO: [SIM-utils-54] Inspecting design source files for 'counter_tb' in fileset 'sim_1'...
INFO: [USF-XSim-97] Finding global include files...
INFO: [USF-XSim-98] Fetching design files from 'sim_1'...
INFO: [USF-XSim-2] XSim::Compile design
INFO: [USF-XSim-61] Executing 'COMPILE and ANALYZE' step in 'C:/Users/Jarrod/OneDrive - University of Canterbury/UC 2020/ENEL373/Project/rxnmongroup4/project_1/project_1.sim/sim_1/behav/xsim'
"xvhdl --incr --relax -prj counter_tb_vhdl.prj"
INFO: [VRFC 10-163] Analyzing VHDL file "C:/Users/Jarrod/OneDrive - University of Canterbury/UC 2020/ENEL373/Project/rxnmongroup4/project_1/project_1.srcs/sources_1/new/counter.vhd" into library xil_defaultlib
INFO: [VRFC 10-3107] analyzing entity 'counter'
INFO: [VRFC 10-163] Analyzing VHDL file "C:/Users/Jarrod/OneDrive - University of Canterbury/UC 2020/ENEL373/Project/rxnmongroup4/project_1/project_1.srcs/sources_1/new/counter_tb.vhd" into library xil_defaultlib
INFO: [VRFC 10-3107] analyzing entity 'counter_tb'
run_program: Time (s): cpu = 00:00:00 ; elapsed = 00:00:05 . Memory (MB): peak = 905.395 ; gain = 0.000
INFO: [USF-XSim-69] 'compile' step finished in '5' seconds
INFO: [USF-XSim-3] XSim::Elaborate design
INFO: [USF-XSim-61] Executing 'ELABORATE' step in 'C:/Users/Jarrod/OneDrive - University of Canterbury/UC 2020/ENEL373/Project/rxnmongroup4/project_1/project_1.sim/sim_1/behav/xsim'
"xelab -wto 5d170cc69bd840dd9024315db9e7e7e8 --incr --debug typical --relax --mt 2 -L xil_defaultlib -L secureip --snapshot counter_tb_behav xil_defaultlib.counter_tb -log elaborate.log"
Vivado Simulator 2019.2
Copyright 1986-1999, 2001-2019 Xilinx, Inc. All Rights Reserved.
Running: E:/Xilinx/Vivado/2019.2/bin/unwrapped/win64.o/xelab.exe -wto 5d170cc69bd840dd9024315db9e7e7e8 --incr --debug typical --relax --mt 2 -L xil_defaultlib -L secureip --snapshot counter_tb_behav xil_defaultlib.counter_tb -log elaborate.log 
Using 2 slave threads.
Starting static elaboration
Completed static elaboration
Starting simulation data flow analysis
Completed simulation data flow analysis
Time Resolution for simulation is 1ps
Compiling package std.standard
Compiling package std.textio
Compiling package ieee.std_logic_1164
Compiling package ieee.std_logic_arith
Compiling package ieee.std_logic_unsigned
Compiling architecture behavioral of entity xil_defaultlib.counter [counter_default]
Compiling architecture tb of entity xil_defaultlib.counter_tb
Built simulation snapshot counter_tb_behav
ERROR: [Common 17-165] Too many positional options when parsing '-notrace', please type 'webtalk -help' for usage info.

run_program: Time (s): cpu = 00:00:00 ; elapsed = 00:00:10 . Memory (MB): peak = 905.395 ; gain = 0.000
INFO: [USF-XSim-69] 'elaborate' step finished in '10' seconds
INFO: [USF-XSim-4] XSim::Simulate design
INFO: [USF-XSim-61] Executing 'SIMULATE' step in 'C:/Users/Jarrod/OneDrive - University of Canterbury/UC 2020/ENEL373/Project/rxnmongroup4/project_1/project_1.sim/sim_1/behav/xsim'
INFO: [USF-XSim-98] *** Running xsim
   with args "counter_tb_behav -key {Behavioral:sim_1:Functional:counter_tb} -tclbatch {counter_tb.tcl} -log {simulate.log}"
INFO: [USF-XSim-8] Loading simulator feature
Vivado Simulator 2019.2
Time resolution is 1 ps
source counter_tb.tcl
# set curr_wave [current_wave_config]
# if { [string length $curr_wave] == 0 } {
#   if { [llength [get_objects]] > 0} {
#     add_wave /
#     set_property needs_save false [current_wave_config]
#   } else {
#      send_msg_id Add_Wave-1 WARNING "No top level signals found. Simulator will start without a wave window. If you want to open a wave window go to 'File->New Waveform Configuration' or type 'create_wave_config' in the TCL console."
#   }
# }
# run 1000ns
INFO: [USF-XSim-96] XSim completed. Design snapshot 'counter_tb_behav' loaded.
INFO: [USF-XSim-97] XSim simulation ran for 1000ns
launch_simulation: Time (s): cpu = 00:00:07 ; elapsed = 00:00:21 . Memory (MB): peak = 905.395 ; gain = 0.000
file mkdir C:/Users/Jarrod/OneDrive - University of Canterbury/UC 2020/ENEL373/Project/rxnmongroup4/project_1/project_1.srcs/sim_1/new
file mkdir C:/Users/Jarrod/OneDrive - University of Canterbury/UC 2020/ENEL373/Project/rxnmongroup4/project_1/project_1.srcs/sim_1/new
file mkdir C:/Users/Jarrod/OneDrive - University of Canterbury/UC 2020/ENEL373/Project/rxnmongroup4/project_1/project_1.srcs/sim_1/new
file mkdir C:/Users/Jarrod/OneDrive - University of Canterbury/UC 2020/ENEL373/Project/rxnmongroup4/project_1/project_1.srcs/sim_1/new
file mkdir C:/Users/Jarrod/OneDrive - University of Canterbury/UC 2020/ENEL373/Project/rxnmongroup4/project_1/project_1.srcs/sim_1/new
file mkdir C:/Users/Jarrod/OneDrive - University of Canterbury/UC 2020/ENEL373/Project/rxnmongroup4/project_1/project_1.srcs/sim_1/new
file mkdir C:/Users/Jarrod/OneDrive - University of Canterbury/UC 2020/ENEL373/Project/rxnmongroup4/project_1/project_1.srcs/sim_1/new
file mkdir C:/Users/Jarrod/OneDrive - University of Canterbury/UC 2020/ENEL373/Project/rxnmongroup4/project_1/project_1.srcs/sim_1/new
file mkdir C:/Users/Jarrod/OneDrive - University of Canterbury/UC 2020/ENEL373/Project/rxnmongroup4/project_1/project_1.srcs/sim_1/new
file mkdir C:/Users/Jarrod/OneDrive - University of Canterbury/UC 2020/ENEL373/Project/rxnmongroup4/project_1/project_1.srcs/sim_1/new
file mkdir C:/Users/Jarrod/OneDrive - University of Canterbury/UC 2020/ENEL373/Project/rxnmongroup4/project_1/project_1.srcs/sim_1/new
file mkdir C:/Users/Jarrod/OneDrive - University of Canterbury/UC 2020/ENEL373/Project/rxnmongroup4/project_1/project_1.srcs/sim_1/new
set_property SOURCE_SET sources_1 [get_filesets sim_1]
file mkdir C:/Users/Jarrod/OneDrive - University of Canterbury/UC 2020/ENEL373/Project/rxnmongroup4/project_1/project_1.srcs/sim_1/new
file mkdir {C:/Users/Jarrod/OneDrive - University of Canterbury/UC 2020/ENEL373/Project/rxnmongroup4/project_1/project_1.srcs/sim_1/new}
close [ open {C:/Users/Jarrod/OneDrive - University of Canterbury/UC 2020/ENEL373/Project/rxnmongroup4/project_1/project_1.srcs/sim_1/new/Quad_4_bit_counter_tb.vhd} w ]
add_files -fileset sim_1 {{C:/Users/Jarrod/OneDrive - University of Canterbury/UC 2020/ENEL373/Project/rxnmongroup4/project_1/project_1.srcs/sim_1/new/Quad_4_bit_counter_tb.vhd}}
close [ open {C:/Users/Jarrod/OneDrive - University of Canterbury/UC 2020/ENEL373/Project/rxnmongroup4/project_1/project_1.srcs/sim_1/new/Display_tb.vhd} w ]
add_files -fileset sim_1 {{C:/Users/Jarrod/OneDrive - University of Canterbury/UC 2020/ENEL373/Project/rxnmongroup4/project_1/project_1.srcs/sim_1/new/Display_tb.vhd}}
update_compile_order -fileset sim_1
add_bp {C:/Users/Jarrod/OneDrive - University of Canterbury/UC 2020/ENEL373/Project/rxnmongroup4/project_1/project_1.srcs/sources_1/new/counter_tb.vhd} 52
remove_bps -file {C:/Users/Jarrod/OneDrive - University of Canterbury/UC 2020/ENEL373/Project/rxnmongroup4/project_1/project_1.srcs/sources_1/new/counter_tb.vhd} -line 52
set_property SOURCE_SET sources_1 [get_filesets sim_1]
close [ open {C:/Users/Jarrod/OneDrive - University of Canterbury/UC 2020/ENEL373/Project/rxnmongroup4/project_1/project_1.srcs/sim_1/new/Quad_4_bit_counter.vhd} w ]
add_files -fileset sim_1 {{C:/Users/Jarrod/OneDrive - University of Canterbury/UC 2020/ENEL373/Project/rxnmongroup4/project_1/project_1.srcs/sim_1/new/Quad_4_bit_counter.vhd}}
update_compile_order -fileset sim_1
set_property top Quad_4_bit_counter_TB [get_filesets sim_1]
set_property top_lib xil_defaultlib [get_filesets sim_1]
update_compile_order -fileset sim_1
launch_simulation
Command: launch_simulation 
boost::filesystem::remove: The process cannot access the file because it is being used by another process: "C:/Users/Jarrod/OneDrive - University of Canterbury/UC 2020/ENEL373/Project/rxnmongroup4/project_1/project_1.sim/sim_1/behav/xsim/simulate.log"
launch_simulation
Command: launch_simulation 
boost::filesystem::remove: The process cannot access the file because it is being used by another process: "C:/Users/Jarrod/OneDrive - University of Canterbury/UC 2020/ENEL373/Project/rxnmongroup4/project_1/project_1.sim/sim_1/behav/xsim/simulate.log"
launch_simulation
Command: launch_simulation 
boost::filesystem::remove: The process cannot access the file because it is being used by another process: "C:/Users/Jarrod/OneDrive - University of Canterbury/UC 2020/ENEL373/Project/rxnmongroup4/project_1/project_1.sim/sim_1/behav/xsim/simulate.log"
launch_simulation
Command: launch_simulation 
boost::filesystem::remove: The process cannot access the file because it is being used by another process: "C:/Users/Jarrod/OneDrive - University of Canterbury/UC 2020/ENEL373/Project/rxnmongroup4/project_1/project_1.sim/sim_1/behav/xsim/simulate.log"
launch_simulation
Command: launch_simulation 
boost::filesystem::remove: The process cannot access the file because it is being used by another process: "C:/Users/Jarrod/OneDrive - University of Canterbury/UC 2020/ENEL373/Project/rxnmongroup4/project_1/project_1.sim/sim_1/behav/xsim/simulate.log"
close_sim
INFO: [Simtcl 6-16] Simulation closed
exit
INFO: [Common 17-206] Exiting Vivado at Wed May 13 11:19:21 2020...
