#-----------------------------------------------------------
# Vivado v2019.2 (64-bit)
# SW Build 2708876 on Wed Nov  6 21:40:23 MST 2019
# IP Build 2700528 on Thu Nov  7 00:09:20 MST 2019
# Start of session at: Fri May 22 13:44:41 2020
# Process ID: 32956
# Current directory: C:/Users/Jarrod/OneDrive - University of Canterbury/UC 2020/ENEL373/Project/rxnmongroup4/project_1
# Command line: vivado.exe -gui_launcher_event rodinguilauncherevent24968 C:\Users\Jarrod\OneDrive - University of Canterbury\UC 2020\ENEL373\Project\rxnmongroup4\project_1\project_1.xpr
# Log file: C:/Users/Jarrod/OneDrive - University of Canterbury/UC 2020/ENEL373/Project/rxnmongroup4/project_1/vivado.log
# Journal file: C:/Users/Jarrod/OneDrive - University of Canterbury/UC 2020/ENEL373/Project/rxnmongroup4/project_1\vivado.jou
#-----------------------------------------------------------
start_gui
open_project {C:/Users/Jarrod/OneDrive - University of Canterbury/UC 2020/ENEL373/Project/rxnmongroup4/project_1/project_1.xpr}
INFO: [ProjectBase 1-489] The host OS only allows 260 characters in a normal path. The project is stored in a path with more than 80 characters. If you experience issues with IP, Block Designs, or files not being found, please consider moving the project to a location with a shorter path. Alternately consider using the OS subst command to map part of the path to a drive letter.
Current project path is 'C:/Users/Jarrod/OneDrive - University of Canterbury/UC 2020/ENEL373/Project/rxnmongroup4/project_1'
INFO: [Project 1-313] Project file moved from 'C:/Users/penis head/Documents/ENCE373PROJECT/rxnmongroup4/project_1' since last save.
Scanning sources...
Finished scanning sources
INFO: [IP_Flow 19-234] Refreshing IP repositories
INFO: [IP_Flow 19-1704] No user IP repositories specified
INFO: [IP_Flow 19-2313] Loaded Vivado IP repository 'E:/Xilinx/Vivado/2019.2/data/ip'.
open_project: Time (s): cpu = 00:00:12 ; elapsed = 00:00:22 . Memory (MB): peak = 689.926 ; gain = 81.984
update_compile_order -fileset sources_1
exit
INFO: [Common 17-206] Exiting Vivado at Fri May 22 13:48:54 2020...
