#-----------------------------------------------------------
# Vivado v2019.2 (64-bit)
# SW Build 2708876 on Wed Nov  6 21:40:23 MST 2019
# IP Build 2700528 on Thu Nov  7 00:09:20 MST 2019
# Start of session at: Fri May 22 13:49:22 2020
# Process ID: 13044
# Current directory: C:/Users/Jarrod/OneDrive - University of Canterbury/UC 2020/ENEL373/Project/rxnmongroup4/project_1
# Command line: vivado.exe -gui_launcher_event rodinguilauncherevent49552 C:\Users\Jarrod\OneDrive - University of Canterbury\UC 2020\ENEL373\Project\rxnmongroup4\project_1\project_1.xpr
# Log file: C:/Users/Jarrod/OneDrive - University of Canterbury/UC 2020/ENEL373/Project/rxnmongroup4/project_1/vivado.log
# Journal file: C:/Users/Jarrod/OneDrive - University of Canterbury/UC 2020/ENEL373/Project/rxnmongroup4/project_1\vivado.jou
#-----------------------------------------------------------
start_gui
open_project {C:/Users/Jarrod/OneDrive - University of Canterbury/UC 2020/ENEL373/Project/rxnmongroup4/project_1/project_1.xpr}
INFO: [ProjectBase 1-489] The host OS only allows 260 characters in a normal path. The project is stored in a path with more than 80 characters. If you experience issues with IP, Block Designs, or files not being found, please consider moving the project to a location with a shorter path. Alternately consider using the OS subst command to map part of the path to a drive letter.
Current project path is 'C:/Users/Jarrod/OneDrive - University of Canterbury/UC 2020/ENEL373/Project/rxnmongroup4/project_1'
INFO: [Project 1-313] Project file moved from 'C:/Users/Jarrod/OneDrive - University of Canterbury/UC 2020/ENEL373/Project/rxnmongroup4' since last save.
WARNING: [Project 1-312] File not found as 'C:/Users/Jarrod/OneDrive - University of Canterbury/UC 2020/ENEL373/Project/rxnmongroup4/project_1/project_1/project_1.srcs/sources_1/imports/VHDL Code/BCD_to_7SEG.vhd'; using path 'C:/Users/Jarrod/OneDrive - University of Canterbury/UC 2020/ENEL373/Project/rxnmongroup4/project_1/project_1.srcs/sources_1/imports/VHDL Code/BCD_to_7SEG.vhd' instead.
WARNING: [Project 1-312] File not found as 'C:/Users/Jarrod/OneDrive - University of Canterbury/UC 2020/ENEL373/Project/rxnmongroup4/project_1/project_1/project_1.srcs/sources_1/new/DOT_CONTROL.vhd'; using path 'C:/Users/Jarrod/OneDrive - University of Canterbury/UC 2020/ENEL373/Project/rxnmongroup4/project_1/project_1.srcs/sources_1/new/DOT_CONTROL.vhd' instead.
WARNING: [Project 1-312] File not found as 'C:/Users/Jarrod/OneDrive - University of Canterbury/UC 2020/ENEL373/Project/rxnmongroup4/project_1/project_1/project_1.srcs/sources_1/new/Multiplex.vhd'; using path 'C:/Users/Jarrod/OneDrive - University of Canterbury/UC 2020/ENEL373/Project/rxnmongroup4/project_1/project_1.srcs/sources_1/new/Multiplex.vhd' instead.
WARNING: [Project 1-312] File not found as 'C:/Users/Jarrod/OneDrive - University of Canterbury/UC 2020/ENEL373/Project/rxnmongroup4/project_1/project_1/project_1.srcs/sources_1/new/State_source.vhd'; using path 'C:/Users/Jarrod/OneDrive - University of Canterbury/UC 2020/ENEL373/Project/rxnmongroup4/project_1/project_1.srcs/sources_1/new/State_source.vhd' instead.
WARNING: [Project 1-312] File not found as 'C:/Users/Jarrod/OneDrive - University of Canterbury/UC 2020/ENEL373/Project/rxnmongroup4/project_1/project_1/project_1.srcs/sources_1/imports/VHDL Code/Steves_clock_divider.vhd'; using path 'C:/Users/Jarrod/OneDrive - University of Canterbury/UC 2020/ENEL373/Project/rxnmongroup4/project_1/project_1.srcs/sources_1/imports/VHDL Code/Steves_clock_divider.vhd' instead.
WARNING: [Project 1-312] File not found as 'C:/Users/Jarrod/OneDrive - University of Canterbury/UC 2020/ENEL373/Project/rxnmongroup4/project_1/project_1/project_1.srcs/sources_1/new/input_multiplexer.vhd'; using path 'C:/Users/Jarrod/OneDrive - University of Canterbury/UC 2020/ENEL373/Project/rxnmongroup4/project_1/project_1.srcs/sources_1/new/input_multiplexer.vhd' instead.
WARNING: [Project 1-312] File not found as 'C:/Users/Jarrod/OneDrive - University of Canterbury/UC 2020/ENEL373/Project/rxnmongroup4/project_1/project_1/project_1.srcs/sources_1/new/quad_counter.vhd'; using path 'C:/Users/Jarrod/OneDrive - University of Canterbury/UC 2020/ENEL373/Project/rxnmongroup4/project_1/project_1.srcs/sources_1/new/quad_counter.vhd' instead.
WARNING: [Project 1-312] File not found as 'C:/Users/Jarrod/OneDrive - University of Canterbury/UC 2020/ENEL373/Project/rxnmongroup4/project_1/project_1/project_1.srcs/sources_1/new/ctr_top.vhd'; using path 'C:/Users/Jarrod/OneDrive - University of Canterbury/UC 2020/ENEL373/Project/rxnmongroup4/project_1/project_1.srcs/sources_1/new/ctr_top.vhd' instead.
CRITICAL WARNING: [Project 1-311] Could not find the file 'C:/Users/Jarrod/OneDrive - University of Canterbury/UC 2020/ENEL373/Project/rxnmongroup4/project_1/project_1.srcs/sources_1/bd/design_1/design_1.bd', nor could it be found using path 'C:/Users/Jarrod/OneDrive - University of Canterbury/UC 2020/ENEL373/Project/rxnmongroup4/project_1.srcs/sources_1/bd/design_1/design_1.bd'.
WARNING: [Project 1-312] File not found as 'C:/Users/Jarrod/OneDrive - University of Canterbury/UC 2020/ENEL373/Project/rxnmongroup4/project_1/project_1/project_1.srcs/constrs_1/imports/VHDL Code/Nexys4DDR_Master.xdc'; using path 'C:/Users/Jarrod/OneDrive - University of Canterbury/UC 2020/ENEL373/Project/rxnmongroup4/project_1/project_1.srcs/constrs_1/imports/VHDL Code/Nexys4DDR_Master.xdc' instead.
WARNING: [Project 1-312] File not found as 'C:/Users/Jarrod/OneDrive - University of Canterbury/UC 2020/ENEL373/Project/rxnmongroup4/project_1/project_1/project_1.srcs/sim_1/new/Quad_4_bit_counter.vhd'; using path 'C:/Users/Jarrod/OneDrive - University of Canterbury/UC 2020/ENEL373/Project/rxnmongroup4/project_1/project_1.srcs/sim_1/new/Quad_4_bit_counter.vhd' instead.
WARNING: [Project 1-312] File not found as 'C:/Users/Jarrod/OneDrive - University of Canterbury/UC 2020/ENEL373/Project/rxnmongroup4/project_1/project_1/project_1.srcs/sim_1/new/Quad_4_bit_counter_tb.vhd'; using path 'C:/Users/Jarrod/OneDrive - University of Canterbury/UC 2020/ENEL373/Project/rxnmongroup4/project_1/project_1.srcs/sim_1/new/Quad_4_bit_counter_tb.vhd' instead.
WARNING: [Project 1-312] File not found as 'C:/Users/Jarrod/OneDrive - University of Canterbury/UC 2020/ENEL373/Project/rxnmongroup4/project_1/project_1/project_1.srcs/sim_1/new/Display_Wrapper.vhd'; using path 'C:/Users/Jarrod/OneDrive - University of Canterbury/UC 2020/ENEL373/Project/rxnmongroup4/project_1/project_1.srcs/sim_1/new/Display_Wrapper.vhd' instead.
WARNING: [Project 1-312] File not found as 'C:/Users/Jarrod/OneDrive - University of Canterbury/UC 2020/ENEL373/Project/rxnmongroup4/project_1/project_1/project_1.srcs/sim_1/new/Display_tb.vhd'; using path 'C:/Users/Jarrod/OneDrive - University of Canterbury/UC 2020/ENEL373/Project/rxnmongroup4/project_1/project_1.srcs/sim_1/new/Display_tb.vhd' instead.
Scanning sources...
Finished scanning sources
WARNING: [filemgmt 56-2] IP Output Repository Path: Could not find the directory 'C:/Users/Jarrod/OneDrive - University of Canterbury/UC 2020/ENEL373/Project/rxnmongroup4/project_1/project_1/project_1.cache/ip', nor could it be found using path 'C:/Users/Jarrod/OneDrive - University of Canterbury/UC 2020/ENEL373/Project/rxnmongroup4/project_1/project_1.cache/ip'.
INFO: [filemgmt 56-1] IPUserFilesDir: Directory not found as 'C:/Users/Jarrod/OneDrive - University of Canterbury/UC 2020/ENEL373/Project/rxnmongroup4/project_1/project_1/project_1.ip_user_files'; using path 'C:/Users/Jarrod/OneDrive - University of Canterbury/UC 2020/ENEL373/Project/rxnmongroup4/project_1/project_1.ip_user_files' instead.
INFO: [IP_Flow 19-234] Refreshing IP repositories
INFO: [IP_Flow 19-1704] No user IP repositories specified
INFO: [IP_Flow 19-2313] Loaded Vivado IP repository 'E:/Xilinx/Vivado/2019.2/data/ip'.
open_project: Time (s): cpu = 00:00:14 ; elapsed = 00:00:06 . Memory (MB): peak = 763.672 ; gain = 131.961
update_compile_order -fileset sources_1
exit
INFO: [Common 17-206] Exiting Vivado at Fri May 22 13:50:36 2020...
